04-Sep-2020 18:22:42.442 信息 [main] org.apache.catalina.startup.VersionLoggerListener.log Server.服务器版本: Apache Tomcat/8.5.57
04-Sep-2020 18:22:42.454 信息 [main] org.apache.catalina.startup.VersionLoggerListener.log 服务器构建:        Jun 30 2020 21:49:10 UTC
04-Sep-2020 18:22:42.454 信息 [main] org.apache.catalina.startup.VersionLoggerListener.log 服务器版本号(:     8.5.57.0
04-Sep-2020 18:22:42.456 信息 [main] org.apache.catalina.startup.VersionLoggerListener.log 操作系统名称:      Windows 10
04-Sep-2020 18:22:42.457 信息 [main] org.apache.catalina.startup.VersionLoggerListener.log OS.版本:           10.0
04-Sep-2020 18:22:42.457 信息 [main] org.apache.catalina.startup.VersionLoggerListener.log 架构:              amd64
04-Sep-2020 18:22:42.458 信息 [main] org.apache.catalina.startup.VersionLoggerListener.log Java 环境变量:     D:\Java\jdk1.8.0_212\jre
04-Sep-2020 18:22:42.459 信息 [main] org.apache.catalina.startup.VersionLoggerListener.log Java虚拟机版本:    1.8.0_212-b10
04-Sep-2020 18:22:42.459 信息 [main] org.apache.catalina.startup.VersionLoggerListener.log JVM.供应商:        Oracle Corporation
04-Sep-2020 18:22:42.459 信息 [main] org.apache.catalina.startup.VersionLoggerListener.log CATALINA_BASE:     D:\tomcat\apache-tomcat-8.5.57
04-Sep-2020 18:22:42.459 信息 [main] org.apache.catalina.startup.VersionLoggerListener.log CATALINA_HOME:     D:\tomcat\apache-tomcat-8.5.57
04-Sep-2020 18:22:42.459 信息 [main] org.apache.catalina.startup.VersionLoggerListener.log 命令行参数：-Djava.util.logging.config.file=D:\tomcat\apache-tomcat-8.5.57\conf\logging.properties
04-Sep-2020 18:22:42.459 信息 [main] org.apache.catalina.startup.VersionLoggerListener.log 命令行参数：-Djava.util.logging.manager=org.apache.juli.ClassLoaderLogManager
04-Sep-2020 18:22:42.460 信息 [main] org.apache.catalina.startup.VersionLoggerListener.log 命令行参数：-Djdk.tls.ephemeralDHKeySize=2048
04-Sep-2020 18:22:42.460 信息 [main] org.apache.catalina.startup.VersionLoggerListener.log 命令行参数：-Djava.protocol.handler.pkgs=org.apache.catalina.webresources
04-Sep-2020 18:22:42.460 信息 [main] org.apache.catalina.startup.VersionLoggerListener.log 命令行参数：-Dignore.endorsed.dirs=
04-Sep-2020 18:22:42.461 信息 [main] org.apache.catalina.startup.VersionLoggerListener.log 命令行参数：-Dcatalina.base=D:\tomcat\apache-tomcat-8.5.57
04-Sep-2020 18:22:42.481 信息 [main] org.apache.catalina.startup.VersionLoggerListener.log 命令行参数：-Dcatalina.home=D:\tomcat\apache-tomcat-8.5.57
04-Sep-2020 18:22:42.481 信息 [main] org.apache.catalina.startup.VersionLoggerListener.log 命令行参数：-Djava.io.tmpdir=D:\tomcat\apache-tomcat-8.5.57\temp
04-Sep-2020 18:22:42.482 信息 [main] org.apache.catalina.core.AprLifecycleListener.lifecycleEvent 使用APR版本[1.7.0]加载了基于APR的Apache Tomcat本机库[1.2.24]。
04-Sep-2020 18:22:42.484 信息 [main] org.apache.catalina.core.AprLifecycleListener.lifecycleEvent APR功能：IPv6[true]、sendfile[true]、accept filters[false]、random[true]。
04-Sep-2020 18:22:42.486 信息 [main] org.apache.catalina.core.AprLifecycleListener.lifecycleEvent APR/OpenSSL配置：useAprConnector[false]，useOpenSSL[true]
04-Sep-2020 18:22:42.496 信息 [main] org.apache.catalina.core.AprLifecycleListener.initializeSSL OpenSSL成功初始化 [OpenSSL 1.1.1g  21 Apr 2020]
04-Sep-2020 18:22:42.747 信息 [main] org.apache.coyote.AbstractProtocol.init 初始化协议处理器 ["http-nio-8080"]
04-Sep-2020 18:22:43.084 信息 [main] org.apache.tomcat.util.net.NioSelectorPool.getSharedSelector Using a shared selector for servlet write/read
04-Sep-2020 18:22:43.101 信息 [main] org.apache.catalina.startup.Catalina.load Initialization processed in 1294 ms
04-Sep-2020 18:22:43.137 信息 [main] org.apache.catalina.core.StandardService.startInternal 正在启动服务[Catalina]
04-Sep-2020 18:22:43.138 信息 [main] org.apache.catalina.core.StandardEngine.startInternal Starting Servlet Engine: Apache Tomcat/8.5.57
04-Sep-2020 18:22:43.153 信息 [localhost-startStop-1] org.apache.catalina.startup.HostConfig.deployDirectory 把web 应用程序部署到目录 [D:\tomcat\apache-tomcat-8.5.57\webapps\docs]
04-Sep-2020 18:22:43.364 信息 [localhost-startStop-1] org.apache.catalina.startup.HostConfig.deployDirectory Web应用程序目录[D:\tomcat\apache-tomcat-8.5.57\webapps\docs]的部署已在[208]毫秒内完成
04-Sep-2020 18:22:43.370 信息 [localhost-startStop-1] org.apache.catalina.startup.HostConfig.deployDirectory 把web 应用程序部署到目录 [D:\tomcat\apache-tomcat-8.5.57\webapps\examples]
04-Sep-2020 18:22:43.630 信息 [localhost-startStop-1] org.apache.catalina.startup.HostConfig.deployDirectory Web应用程序目录[D:\tomcat\apache-tomcat-8.5.57\webapps\examples]的部署已在[260]毫秒内完成
04-Sep-2020 18:22:43.634 信息 [localhost-startStop-1] org.apache.catalina.startup.HostConfig.deployDirectory 把web 应用程序部署到目录 [D:\tomcat\apache-tomcat-8.5.57\webapps\host-manager]
04-Sep-2020 18:22:43.661 信息 [localhost-startStop-1] org.apache.catalina.startup.HostConfig.deployDirectory Web应用程序目录[D:\tomcat\apache-tomcat-8.5.57\webapps\host-manager]的部署已在[27]毫秒内完成
04-Sep-2020 18:22:43.665 信息 [localhost-startStop-1] org.apache.catalina.startup.HostConfig.deployDirectory 把web 应用程序部署到目录 [D:\tomcat\apache-tomcat-8.5.57\webapps\manager]
04-Sep-2020 18:22:43.685 信息 [localhost-startStop-1] org.apache.catalina.startup.HostConfig.deployDirectory Web应用程序目录[D:\tomcat\apache-tomcat-8.5.57\webapps\manager]的部署已在[20]毫秒内完成
04-Sep-2020 18:22:43.685 信息 [localhost-startStop-1] org.apache.catalina.startup.HostConfig.deployDirectory 把web 应用程序部署到目录 [D:\tomcat\apache-tomcat-8.5.57\webapps\ROOT]
04-Sep-2020 18:22:43.718 信息 [localhost-startStop-1] org.apache.catalina.startup.HostConfig.deployDirectory Web应用程序目录[D:\tomcat\apache-tomcat-8.5.57\webapps\ROOT]的部署已在[33]毫秒内完成
04-Sep-2020 18:22:43.724 信息 [main] org.apache.coyote.AbstractProtocol.start 开始协议处理句柄["http-nio-8080"]
04-Sep-2020 18:22:43.736 信息 [main] org.apache.catalina.startup.Catalina.start Server startup in 634 ms
04-Sep-2020 18:45:44.205 信息 [localhost-startStop-2] org.apache.catalina.startup.HostConfig.deployDirectory 把web 应用程序部署到目录 [D:\tomcat\apache-tomcat-8.5.57\webapps\static]
04-Sep-2020 18:45:44.227 信息 [localhost-startStop-2] org.apache.catalina.startup.HostConfig.deployDirectory Web应用程序目录[D:\tomcat\apache-tomcat-8.5.57\webapps\static]的部署已在[22]毫秒内完成
04-Sep-2020 18:46:18.025 信息 [Thread-4] org.apache.coyote.AbstractProtocol.pause 暂停ProtocolHandler["http-nio-8080"]
04-Sep-2020 18:46:18.244 信息 [Thread-4] org.apache.catalina.core.StandardService.stopInternal 正在停止服务[Catalina]
04-Sep-2020 18:46:18.273 信息 [Thread-4] org.apache.coyote.AbstractProtocol.stop 正在停止ProtocolHandler ["http-nio-8080"]
04-Sep-2020 18:46:18.275 信息 [Thread-4] org.apache.coyote.AbstractProtocol.destroy 正在摧毁协议处理器 ["http-nio-8080"]
04-Sep-2020 18:47:03.923 信息 [main] org.apache.catalina.startup.VersionLoggerListener.log Server.服务器版本: Apache Tomcat/8.5.57
04-Sep-2020 18:47:03.927 信息 [main] org.apache.catalina.startup.VersionLoggerListener.log 服务器构建:        Jun 30 2020 21:49:10 UTC
04-Sep-2020 18:47:03.927 信息 [main] org.apache.catalina.startup.VersionLoggerListener.log 服务器版本号(:     8.5.57.0
04-Sep-2020 18:47:03.927 信息 [main] org.apache.catalina.startup.VersionLoggerListener.log 操作系统名称:      Windows 10
04-Sep-2020 18:47:03.927 信息 [main] org.apache.catalina.startup.VersionLoggerListener.log OS.版本:           10.0
04-Sep-2020 18:47:03.928 信息 [main] org.apache.catalina.startup.VersionLoggerListener.log 架构:              amd64
04-Sep-2020 18:47:03.928 信息 [main] org.apache.catalina.startup.VersionLoggerListener.log Java 环境变量:     D:\Java\jdk1.8.0_212\jre
04-Sep-2020 18:47:03.928 信息 [main] org.apache.catalina.startup.VersionLoggerListener.log Java虚拟机版本:    1.8.0_212-b10
04-Sep-2020 18:47:03.928 信息 [main] org.apache.catalina.startup.VersionLoggerListener.log JVM.供应商:        Oracle Corporation
04-Sep-2020 18:47:03.929 信息 [main] org.apache.catalina.startup.VersionLoggerListener.log CATALINA_BASE:     D:\tomcat\apache-tomcat-8.5.57
04-Sep-2020 18:47:03.929 信息 [main] org.apache.catalina.startup.VersionLoggerListener.log CATALINA_HOME:     D:\tomcat\apache-tomcat-8.5.57
04-Sep-2020 18:47:03.929 信息 [main] org.apache.catalina.startup.VersionLoggerListener.log 命令行参数：-Djava.util.logging.config.file=D:\tomcat\apache-tomcat-8.5.57\conf\logging.properties
04-Sep-2020 18:47:03.929 信息 [main] org.apache.catalina.startup.VersionLoggerListener.log 命令行参数：-Djava.util.logging.manager=org.apache.juli.ClassLoaderLogManager
04-Sep-2020 18:47:03.930 信息 [main] org.apache.catalina.startup.VersionLoggerListener.log 命令行参数：-Djdk.tls.ephemeralDHKeySize=2048
04-Sep-2020 18:47:03.930 信息 [main] org.apache.catalina.startup.VersionLoggerListener.log 命令行参数：-Djava.protocol.handler.pkgs=org.apache.catalina.webresources
04-Sep-2020 18:47:03.930 信息 [main] org.apache.catalina.startup.VersionLoggerListener.log 命令行参数：-Dignore.endorsed.dirs=
04-Sep-2020 18:47:03.931 信息 [main] org.apache.catalina.startup.VersionLoggerListener.log 命令行参数：-Dcatalina.base=D:\tomcat\apache-tomcat-8.5.57
04-Sep-2020 18:47:03.932 信息 [main] org.apache.catalina.startup.VersionLoggerListener.log 命令行参数：-Dcatalina.home=D:\tomcat\apache-tomcat-8.5.57
04-Sep-2020 18:47:03.942 信息 [main] org.apache.catalina.startup.VersionLoggerListener.log 命令行参数：-Djava.io.tmpdir=D:\tomcat\apache-tomcat-8.5.57\temp
04-Sep-2020 18:47:03.943 信息 [main] org.apache.catalina.core.AprLifecycleListener.lifecycleEvent 使用APR版本[1.7.0]加载了基于APR的Apache Tomcat本机库[1.2.24]。
04-Sep-2020 18:47:03.943 信息 [main] org.apache.catalina.core.AprLifecycleListener.lifecycleEvent APR功能：IPv6[true]、sendfile[true]、accept filters[false]、random[true]。
04-Sep-2020 18:47:03.944 信息 [main] org.apache.catalina.core.AprLifecycleListener.lifecycleEvent APR/OpenSSL配置：useAprConnector[false]，useOpenSSL[true]
04-Sep-2020 18:47:03.953 信息 [main] org.apache.catalina.core.AprLifecycleListener.initializeSSL OpenSSL成功初始化 [OpenSSL 1.1.1g  21 Apr 2020]
04-Sep-2020 18:47:04.057 信息 [main] org.apache.coyote.AbstractProtocol.init 初始化协议处理器 ["http-nio-8080"]
04-Sep-2020 18:47:04.351 信息 [main] org.apache.tomcat.util.net.NioSelectorPool.getSharedSelector Using a shared selector for servlet write/read
04-Sep-2020 18:47:04.362 信息 [main] org.apache.catalina.startup.Catalina.load Initialization processed in 763 ms
04-Sep-2020 18:47:04.390 信息 [main] org.apache.catalina.core.StandardService.startInternal 正在启动服务[Catalina]
04-Sep-2020 18:47:04.390 信息 [main] org.apache.catalina.core.StandardEngine.startInternal Starting Servlet Engine: Apache Tomcat/8.5.57
04-Sep-2020 18:47:04.406 信息 [localhost-startStop-1] org.apache.catalina.startup.HostConfig.deployDirectory 把web 应用程序部署到目录 [D:\tomcat\apache-tomcat-8.5.57\webapps\docs]
04-Sep-2020 18:47:04.592 信息 [localhost-startStop-1] org.apache.catalina.startup.HostConfig.deployDirectory Web应用程序目录[D:\tomcat\apache-tomcat-8.5.57\webapps\docs]的部署已在[184]毫秒内完成
04-Sep-2020 18:47:04.598 信息 [localhost-startStop-1] org.apache.catalina.startup.HostConfig.deployDirectory 把web 应用程序部署到目录 [D:\tomcat\apache-tomcat-8.5.57\webapps\examples]
04-Sep-2020 18:47:04.846 信息 [localhost-startStop-1] org.apache.catalina.startup.HostConfig.deployDirectory Web应用程序目录[D:\tomcat\apache-tomcat-8.5.57\webapps\examples]的部署已在[247]毫秒内完成
04-Sep-2020 18:47:04.846 信息 [localhost-startStop-1] org.apache.catalina.startup.HostConfig.deployDirectory 把web 应用程序部署到目录 [D:\tomcat\apache-tomcat-8.5.57\webapps\host-manager]
04-Sep-2020 18:47:04.870 信息 [localhost-startStop-1] org.apache.catalina.startup.HostConfig.deployDirectory Web应用程序目录[D:\tomcat\apache-tomcat-8.5.57\webapps\host-manager]的部署已在[24]毫秒内完成
04-Sep-2020 18:47:04.874 信息 [localhost-startStop-1] org.apache.catalina.startup.HostConfig.deployDirectory 把web 应用程序部署到目录 [D:\tomcat\apache-tomcat-8.5.57\webapps\manager]
04-Sep-2020 18:47:04.894 信息 [localhost-startStop-1] org.apache.catalina.startup.HostConfig.deployDirectory Web应用程序目录[D:\tomcat\apache-tomcat-8.5.57\webapps\manager]的部署已在[20]毫秒内完成
04-Sep-2020 18:47:04.894 信息 [localhost-startStop-1] org.apache.catalina.startup.HostConfig.deployDirectory 把web 应用程序部署到目录 [D:\tomcat\apache-tomcat-8.5.57\webapps\ROOT]
04-Sep-2020 18:47:04.917 信息 [localhost-startStop-1] org.apache.catalina.startup.HostConfig.deployDirectory Web应用程序目录[D:\tomcat\apache-tomcat-8.5.57\webapps\ROOT]的部署已在[23]毫秒内完成
04-Sep-2020 18:47:04.921 信息 [localhost-startStop-1] org.apache.catalina.startup.HostConfig.deployDirectory 把web 应用程序部署到目录 [D:\tomcat\apache-tomcat-8.5.57\webapps\static]
04-Sep-2020 18:47:04.942 信息 [localhost-startStop-1] org.apache.catalina.startup.HostConfig.deployDirectory Web应用程序目录[D:\tomcat\apache-tomcat-8.5.57\webapps\static]的部署已在[22]毫秒内完成
04-Sep-2020 18:47:04.953 信息 [main] org.apache.coyote.AbstractProtocol.start 开始协议处理句柄["http-nio-8080"]
04-Sep-2020 18:47:04.960 信息 [main] org.apache.catalina.startup.Catalina.start Server startup in 597 ms
04-Sep-2020 19:08:25.399 信息 [ContainerBackgroundProcessor[StandardEngine[Catalina]]] org.apache.catalina.users.MemoryUserDatabase.backgroundProcess 从更新的字眼[file:/D:/tomcat/apache-tomcat-8.5.57/conf/tomcat-users.xml]重新加载内存用户数据库
04-Sep-2020 19:08:59.747 信息 [Thread-4] org.apache.coyote.AbstractProtocol.pause 暂停ProtocolHandler["http-nio-8080"]
04-Sep-2020 19:08:59.961 信息 [Thread-4] org.apache.catalina.core.StandardService.stopInternal 正在停止服务[Catalina]
04-Sep-2020 19:08:59.977 信息 [Thread-4] org.apache.coyote.AbstractProtocol.stop 正在停止ProtocolHandler ["http-nio-8080"]
04-Sep-2020 19:08:59.977 信息 [Thread-4] org.apache.coyote.AbstractProtocol.destroy 正在摧毁协议处理器 ["http-nio-8080"]
04-Sep-2020 19:09:18.425 信息 [main] org.apache.catalina.startup.VersionLoggerListener.log Server.服务器版本: Apache Tomcat/8.5.57
04-Sep-2020 19:09:18.433 信息 [main] org.apache.catalina.startup.VersionLoggerListener.log 服务器构建:        Jun 30 2020 21:49:10 UTC
04-Sep-2020 19:09:18.433 信息 [main] org.apache.catalina.startup.VersionLoggerListener.log 服务器版本号(:     8.5.57.0
04-Sep-2020 19:09:18.434 信息 [main] org.apache.catalina.startup.VersionLoggerListener.log 操作系统名称:      Windows 10
04-Sep-2020 19:09:18.434 信息 [main] org.apache.catalina.startup.VersionLoggerListener.log OS.版本:           10.0
04-Sep-2020 19:09:18.434 信息 [main] org.apache.catalina.startup.VersionLoggerListener.log 架构:              amd64
04-Sep-2020 19:09:18.434 信息 [main] org.apache.catalina.startup.VersionLoggerListener.log Java 环境变量:     D:\Java\jdk1.8.0_212\jre
04-Sep-2020 19:09:18.434 信息 [main] org.apache.catalina.startup.VersionLoggerListener.log Java虚拟机版本:    1.8.0_212-b10
04-Sep-2020 19:09:18.435 信息 [main] org.apache.catalina.startup.VersionLoggerListener.log JVM.供应商:        Oracle Corporation
04-Sep-2020 19:09:18.435 信息 [main] org.apache.catalina.startup.VersionLoggerListener.log CATALINA_BASE:     D:\tomcat\apache-tomcat-8.5.57
04-Sep-2020 19:09:18.435 信息 [main] org.apache.catalina.startup.VersionLoggerListener.log CATALINA_HOME:     D:\tomcat\apache-tomcat-8.5.57
04-Sep-2020 19:09:18.435 信息 [main] org.apache.catalina.startup.VersionLoggerListener.log 命令行参数：-Djava.util.logging.config.file=D:\tomcat\apache-tomcat-8.5.57\conf\logging.properties
04-Sep-2020 19:09:18.435 信息 [main] org.apache.catalina.startup.VersionLoggerListener.log 命令行参数：-Djava.util.logging.manager=org.apache.juli.ClassLoaderLogManager
04-Sep-2020 19:09:18.436 信息 [main] org.apache.catalina.startup.VersionLoggerListener.log 命令行参数：-Djdk.tls.ephemeralDHKeySize=2048
04-Sep-2020 19:09:18.436 信息 [main] org.apache.catalina.startup.VersionLoggerListener.log 命令行参数：-Djava.protocol.handler.pkgs=org.apache.catalina.webresources
04-Sep-2020 19:09:18.437 信息 [main] org.apache.catalina.startup.VersionLoggerListener.log 命令行参数：-Dignore.endorsed.dirs=
04-Sep-2020 19:09:18.437 信息 [main] org.apache.catalina.startup.VersionLoggerListener.log 命令行参数：-Dcatalina.base=D:\tomcat\apache-tomcat-8.5.57
04-Sep-2020 19:09:18.438 信息 [main] org.apache.catalina.startup.VersionLoggerListener.log 命令行参数：-Dcatalina.home=D:\tomcat\apache-tomcat-8.5.57
04-Sep-2020 19:09:18.439 信息 [main] org.apache.catalina.startup.VersionLoggerListener.log 命令行参数：-Djava.io.tmpdir=D:\tomcat\apache-tomcat-8.5.57\temp
04-Sep-2020 19:09:18.440 信息 [main] org.apache.catalina.core.AprLifecycleListener.lifecycleEvent 使用APR版本[1.7.0]加载了基于APR的Apache Tomcat本机库[1.2.24]。
04-Sep-2020 19:09:18.440 信息 [main] org.apache.catalina.core.AprLifecycleListener.lifecycleEvent APR功能：IPv6[true]、sendfile[true]、accept filters[false]、random[true]。
04-Sep-2020 19:09:18.441 信息 [main] org.apache.catalina.core.AprLifecycleListener.lifecycleEvent APR/OpenSSL配置：useAprConnector[false]，useOpenSSL[true]
04-Sep-2020 19:09:18.449 信息 [main] org.apache.catalina.core.AprLifecycleListener.initializeSSL OpenSSL成功初始化 [OpenSSL 1.1.1g  21 Apr 2020]
04-Sep-2020 19:09:18.528 信息 [main] org.apache.catalina.startup.VersionLoggerListener.log Server.服务器版本: Apache Tomcat/8.5.57
04-Sep-2020 19:09:18.534 信息 [main] org.apache.catalina.startup.VersionLoggerListener.log 服务器构建:        Jun 30 2020 21:49:10 UTC
04-Sep-2020 19:09:18.535 信息 [main] org.apache.catalina.startup.VersionLoggerListener.log 服务器版本号(:     8.5.57.0
04-Sep-2020 19:09:18.535 信息 [main] org.apache.catalina.startup.VersionLoggerListener.log 操作系统名称:      Windows 10
04-Sep-2020 19:09:18.535 信息 [main] org.apache.catalina.startup.VersionLoggerListener.log OS.版本:           10.0
04-Sep-2020 19:09:18.535 信息 [main] org.apache.catalina.startup.VersionLoggerListener.log 架构:              amd64
04-Sep-2020 19:09:18.535 信息 [main] org.apache.catalina.startup.VersionLoggerListener.log Java 环境变量:     D:\Java\jdk1.8.0_212\jre
04-Sep-2020 19:09:18.535 信息 [main] org.apache.catalina.startup.VersionLoggerListener.log Java虚拟机版本:    1.8.0_212-b10
04-Sep-2020 19:09:18.536 信息 [main] org.apache.catalina.startup.VersionLoggerListener.log JVM.供应商:        Oracle Corporation
04-Sep-2020 19:09:18.536 信息 [main] org.apache.catalina.startup.VersionLoggerListener.log CATALINA_BASE:     D:\tomcat\apache-tomcat-8.5.57
04-Sep-2020 19:09:18.536 信息 [main] org.apache.catalina.startup.VersionLoggerListener.log CATALINA_HOME:     D:\tomcat\apache-tomcat-8.5.57
04-Sep-2020 19:09:18.536 信息 [main] org.apache.catalina.startup.VersionLoggerListener.log 命令行参数：-Djava.util.logging.config.file=D:\tomcat\apache-tomcat-8.5.57\conf\logging.properties
04-Sep-2020 19:09:18.537 信息 [main] org.apache.catalina.startup.VersionLoggerListener.log 命令行参数：-Djava.util.logging.manager=org.apache.juli.ClassLoaderLogManager
04-Sep-2020 19:09:18.537 信息 [main] org.apache.catalina.startup.VersionLoggerListener.log 命令行参数：-Djdk.tls.ephemeralDHKeySize=2048
04-Sep-2020 19:09:18.537 信息 [main] org.apache.catalina.startup.VersionLoggerListener.log 命令行参数：-Djava.protocol.handler.pkgs=org.apache.catalina.webresources
04-Sep-2020 19:09:18.537 信息 [main] org.apache.catalina.startup.VersionLoggerListener.log 命令行参数：-Dignore.endorsed.dirs=
04-Sep-2020 19:09:18.538 信息 [main] org.apache.catalina.startup.VersionLoggerListener.log 命令行参数：-Dcatalina.base=D:\tomcat\apache-tomcat-8.5.57
04-Sep-2020 19:09:18.538 信息 [main] org.apache.catalina.startup.VersionLoggerListener.log 命令行参数：-Dcatalina.home=D:\tomcat\apache-tomcat-8.5.57
04-Sep-2020 19:09:18.539 信息 [main] org.apache.catalina.startup.VersionLoggerListener.log 命令行参数：-Djava.io.tmpdir=D:\tomcat\apache-tomcat-8.5.57\temp
04-Sep-2020 19:09:18.539 信息 [main] org.apache.catalina.core.AprLifecycleListener.lifecycleEvent 使用APR版本[1.7.0]加载了基于APR的Apache Tomcat本机库[1.2.24]。
04-Sep-2020 19:09:18.540 信息 [main] org.apache.catalina.core.AprLifecycleListener.lifecycleEvent APR功能：IPv6[true]、sendfile[true]、accept filters[false]、random[true]。
04-Sep-2020 19:09:18.540 信息 [main] org.apache.catalina.core.AprLifecycleListener.lifecycleEvent APR/OpenSSL配置：useAprConnector[false]，useOpenSSL[true]
04-Sep-2020 19:09:18.545 信息 [main] org.apache.catalina.core.AprLifecycleListener.initializeSSL OpenSSL成功初始化 [OpenSSL 1.1.1g  21 Apr 2020]
04-Sep-2020 19:09:18.576 信息 [main] org.apache.coyote.AbstractProtocol.init 初始化协议处理器 ["http-nio-8080"]
04-Sep-2020 19:09:18.672 信息 [main] org.apache.coyote.AbstractProtocol.init 初始化协议处理器 ["http-nio-8080"]
04-Sep-2020 19:09:18.683 严重 [main] org.apache.catalina.core.StandardService.initInternal Failed to initialize connector [Connector[HTTP/1.1-8080]]
	org.apache.catalina.LifecycleException: 协议处理程序初始化失败
		at org.apache.catalina.connector.Connector.initInternal(Connector.java:1077)
		at org.apache.catalina.util.LifecycleBase.init(LifecycleBase.java:136)
		at org.apache.catalina.core.StandardService.initInternal(StandardService.java:552)
		at org.apache.catalina.util.LifecycleBase.init(LifecycleBase.java:136)
		at org.apache.catalina.core.StandardServer.initInternal(StandardServer.java:848)
		at org.apache.catalina.util.LifecycleBase.init(LifecycleBase.java:136)
		at org.apache.catalina.startup.Catalina.load(Catalina.java:639)
		at org.apache.catalina.startup.Catalina.load(Catalina.java:662)
		at sun.reflect.NativeMethodAccessorImpl.invoke0(Native Method)
		at sun.reflect.NativeMethodAccessorImpl.invoke(NativeMethodAccessorImpl.java:62)
		at sun.reflect.DelegatingMethodAccessorImpl.invoke(DelegatingMethodAccessorImpl.java:43)
		at java.lang.reflect.Method.invoke(Method.java:498)
		at org.apache.catalina.startup.Bootstrap.load(Bootstrap.java:302)
		at org.apache.catalina.startup.Bootstrap.main(Bootstrap.java:472)
	Caused by: java.net.BindException: Address already in use: bind
		at sun.nio.ch.Net.bind0(Native Method)
		at sun.nio.ch.Net.bind(Net.java:433)
		at sun.nio.ch.Net.bind(Net.java:425)
		at sun.nio.ch.ServerSocketChannelImpl.bind(ServerSocketChannelImpl.java:223)
		at sun.nio.ch.ServerSocketAdaptor.bind(ServerSocketAdaptor.java:74)
		at org.apache.tomcat.util.net.NioEndpoint.bind(NioEndpoint.java:221)
		at org.apache.tomcat.util.net.AbstractEndpoint.init(AbstractEndpoint.java:1118)
		at org.apache.tomcat.util.net.AbstractJsseEndpoint.init(AbstractJsseEndpoint.java:222)
		at org.apache.coyote.AbstractProtocol.init(AbstractProtocol.java:587)
		at org.apache.coyote.http11.AbstractHttp11Protocol.init(AbstractHttp11Protocol.java:74)
		at org.apache.catalina.connector.Connector.initInternal(Connector.java:1075)
		... 13 more
04-Sep-2020 19:09:18.691 信息 [main] org.apache.catalina.startup.Catalina.load Initialization processed in 667 ms
04-Sep-2020 19:09:18.722 信息 [main] org.apache.catalina.core.StandardService.startInternal 正在启动服务[Catalina]
04-Sep-2020 19:09:18.722 信息 [main] org.apache.catalina.core.StandardEngine.startInternal Starting Servlet Engine: Apache Tomcat/8.5.57
04-Sep-2020 19:09:18.920 信息 [main] org.apache.tomcat.util.net.NioSelectorPool.getSharedSelector Using a shared selector for servlet write/read
04-Sep-2020 19:09:18.939 信息 [main] org.apache.catalina.startup.Catalina.load Initialization processed in 1022 ms
04-Sep-2020 19:09:18.975 信息 [main] org.apache.catalina.core.StandardService.startInternal 正在启动服务[Catalina]
04-Sep-2020 19:09:18.975 信息 [main] org.apache.catalina.core.StandardEngine.startInternal Starting Servlet Engine: Apache Tomcat/8.5.57
04-Sep-2020 19:09:19.188 信息 [localhost-startStop-1] org.apache.catalina.startup.HostConfig.deployDirectory 把web 应用程序部署到目录 [D:\tomcat\apache-tomcat-8.5.57\webapps\docs]
04-Sep-2020 19:09:19.225 信息 [localhost-startStop-1] org.apache.catalina.startup.HostConfig.deployDirectory Web应用程序目录[D:\tomcat\apache-tomcat-8.5.57\webapps\docs]的部署已在[34]毫秒内完成
04-Sep-2020 19:09:19.231 信息 [localhost-startStop-1] org.apache.catalina.startup.HostConfig.deployDirectory 把web 应用程序部署到目录 [D:\tomcat\apache-tomcat-8.5.57\webapps\examples]
04-Sep-2020 19:09:19.238 警告 [localhost-startStop-1] org.apache.catalina.util.SessionIdGeneratorBase.createSecureRandom 使用[SHA1PRNG]创建会话ID生成的SecureRandom实例花费了[329]毫秒。
04-Sep-2020 19:09:19.299 信息 [localhost-startStop-1] org.apache.catalina.startup.HostConfig.deployDirectory 把web 应用程序部署到目录 [D:\tomcat\apache-tomcat-8.5.57\webapps\docs]
04-Sep-2020 19:09:19.351 信息 [localhost-startStop-1] org.apache.catalina.startup.HostConfig.deployDirectory Web应用程序目录[D:\tomcat\apache-tomcat-8.5.57\webapps\docs]的部署已在[51]毫秒内完成
04-Sep-2020 19:09:19.357 信息 [localhost-startStop-1] org.apache.catalina.startup.HostConfig.deployDirectory 把web 应用程序部署到目录 [D:\tomcat\apache-tomcat-8.5.57\webapps\examples]
04-Sep-2020 19:09:19.652 信息 [localhost-startStop-1] org.apache.catalina.startup.HostConfig.deployDirectory Web应用程序目录[D:\tomcat\apache-tomcat-8.5.57\webapps\examples]的部署已在[421]毫秒内完成
04-Sep-2020 19:09:19.652 信息 [localhost-startStop-1] org.apache.catalina.startup.HostConfig.deployDirectory 把web 应用程序部署到目录 [D:\tomcat\apache-tomcat-8.5.57\webapps\host-manager]
04-Sep-2020 19:09:19.699 信息 [localhost-startStop-1] org.apache.catalina.startup.HostConfig.deployDirectory Web应用程序目录[D:\tomcat\apache-tomcat-8.5.57\webapps\host-manager]的部署已在[47]毫秒内完成
04-Sep-2020 19:09:19.699 信息 [localhost-startStop-1] org.apache.catalina.startup.HostConfig.deployDirectory 把web 应用程序部署到目录 [D:\tomcat\apache-tomcat-8.5.57\webapps\manager]
04-Sep-2020 19:09:19.746 信息 [localhost-startStop-1] org.apache.catalina.startup.HostConfig.deployDirectory Web应用程序目录[D:\tomcat\apache-tomcat-8.5.57\webapps\manager]的部署已在[47]毫秒内完成
04-Sep-2020 19:09:19.746 信息 [localhost-startStop-1] org.apache.catalina.startup.HostConfig.deployDirectory 把web 应用程序部署到目录 [D:\tomcat\apache-tomcat-8.5.57\webapps\static]
04-Sep-2020 19:09:19.762 信息 [localhost-startStop-1] org.apache.catalina.startup.HostConfig.deployDirectory Web应用程序目录[D:\tomcat\apache-tomcat-8.5.57\webapps\examples]的部署已在[405]毫秒内完成
04-Sep-2020 19:09:19.777 信息 [localhost-startStop-1] org.apache.catalina.startup.HostConfig.deployDirectory 把web 应用程序部署到目录 [D:\tomcat\apache-tomcat-8.5.57\webapps\host-manager]
04-Sep-2020 19:09:19.793 信息 [localhost-startStop-1] org.apache.catalina.startup.HostConfig.deployDirectory Web应用程序目录[D:\tomcat\apache-tomcat-8.5.57\webapps\static]的部署已在[47]毫秒内完成
04-Sep-2020 19:09:19.816 信息 [main] org.apache.coyote.AbstractProtocol.start 开始协议处理句柄["http-nio-8080"]
04-Sep-2020 19:09:19.831 信息 [main] org.apache.catalina.startup.Catalina.start Server startup in 890 ms
04-Sep-2020 19:09:19.832 信息 [localhost-startStop-1] org.apache.catalina.startup.HostConfig.deployDirectory Web应用程序目录[D:\tomcat\apache-tomcat-8.5.57\webapps\host-manager]的部署已在[55]毫秒内完成
04-Sep-2020 19:09:19.837 信息 [localhost-startStop-1] org.apache.catalina.startup.HostConfig.deployDirectory 把web 应用程序部署到目录 [D:\tomcat\apache-tomcat-8.5.57\webapps\manager]
04-Sep-2020 19:09:19.854 信息 [localhost-startStop-1] org.apache.catalina.startup.HostConfig.deployDirectory Web应用程序目录[D:\tomcat\apache-tomcat-8.5.57\webapps\manager]的部署已在[17]毫秒内完成
04-Sep-2020 19:09:19.854 信息 [localhost-startStop-1] org.apache.catalina.startup.HostConfig.deployDirectory 把web 应用程序部署到目录 [D:\tomcat\apache-tomcat-8.5.57\webapps\static]
04-Sep-2020 19:09:19.870 信息 [localhost-startStop-1] org.apache.catalina.startup.HostConfig.deployDirectory Web应用程序目录[D:\tomcat\apache-tomcat-8.5.57\webapps\static]的部署已在[16]毫秒内完成
04-Sep-2020 19:09:19.870 信息 [main] org.apache.catalina.startup.Catalina.start Server startup in 1192 ms
04-Sep-2020 19:09:19.886 严重 [main] org.apache.catalina.core.StandardServer.await StandardServer.await: create[localhost:8005]: 
	java.net.BindException: Address already in use: JVM_Bind
		at java.net.DualStackPlainSocketImpl.bind0(Native Method)
		at java.net.DualStackPlainSocketImpl.socketBind(DualStackPlainSocketImpl.java:106)
		at java.net.AbstractPlainSocketImpl.bind(AbstractPlainSocketImpl.java:387)
		at java.net.PlainSocketImpl.bind(PlainSocketImpl.java:190)
		at java.net.ServerSocket.bind(ServerSocket.java:375)
		at java.net.ServerSocket.<init>(ServerSocket.java:237)
		at org.apache.catalina.core.StandardServer.await(StandardServer.java:421)
		at org.apache.catalina.startup.Catalina.await(Catalina.java:776)
		at org.apache.catalina.startup.Catalina.start(Catalina.java:722)
		at sun.reflect.NativeMethodAccessorImpl.invoke0(Native Method)
		at sun.reflect.NativeMethodAccessorImpl.invoke(NativeMethodAccessorImpl.java:62)
		at sun.reflect.DelegatingMethodAccessorImpl.invoke(DelegatingMethodAccessorImpl.java:43)
		at java.lang.reflect.Method.invoke(Method.java:498)
		at org.apache.catalina.startup.Bootstrap.start(Bootstrap.java:342)
		at org.apache.catalina.startup.Bootstrap.main(Bootstrap.java:473)
04-Sep-2020 19:09:19.886 信息 [main] org.apache.coyote.AbstractProtocol.pause 暂停ProtocolHandler["http-nio-8080"]
04-Sep-2020 19:09:19.886 信息 [main] org.apache.catalina.core.StandardService.stopInternal 正在停止服务[Catalina]
04-Sep-2020 19:09:19.901 信息 [main] org.apache.coyote.AbstractProtocol.stop 正在停止ProtocolHandler ["http-nio-8080"]
04-Sep-2020 19:09:19.901 信息 [main] org.apache.coyote.AbstractProtocol.destroy 正在摧毁协议处理器 ["http-nio-8080"]
